<?xml version="1.0" encoding="UTF-8"?>
<!-- Generated by org.testng.reporters.JUnitXMLReporter -->
<testsuite ignored="4" hostname="DESKTOP-7A7DC89" failures="0" tests="1" name="Default test" time="3.186" errors="0" timestamp="2023-12-26T11:52:02 IST">
  <testcase classname="com.qa.petstore.user.TestMethods.UserTests" name="postRequestTest" time="3.13"/>
  <testcase classname="com.qa.petstore.user.TestMethods.UserTests" name="putRequestTest" time="0.0">
    <ignored/>
  </testcase> <!-- putRequestTest -->
  <testcase classname="com.qa.petstore.user.TestMethods.UserTests" name="getRequestTest" time="0.0">
    <ignored/>
  </testcase> <!-- getRequestTest -->
  <testcase classname="com.qa.petstore.user.TestMethods.UserTests" name="deleteRequestTest" time="0.0">
    <ignored/>
  </testcase> <!-- deleteRequestTest -->
  <testcase classname="com.qa.petstore.user.TestMethods.UserTests" name="postRequestUsingDataDriven" time="0.0">
    <ignored/>
  </testcase> <!-- postRequestUsingDataDriven -->
</testsuite> <!-- Default test -->
