<?xml version="1.0" encoding="UTF-8"?>
<testng-results ignored="0" total="1" passed="1" failed="0" skipped="0">
  <reporter-output>
  </reporter-output>
  <suite started-at="2023-12-26T11:51:59 IST" name="Default suite" finished-at="2023-12-26T11:52:02 IST" duration-ms="3186">
    <groups>
    </groups>
    <test started-at="2023-12-26T11:51:59 IST" name="Default test" finished-at="2023-12-26T11:52:02 IST" duration-ms="3186">
      <class name="com.qa.petstore.user.TestMethods.UserTests">
        <test-method signature="postRequestTest()[pri:1, instance:com.qa.petstore.user.TestMethods.UserTests@49139829]" started-at="2023-12-26T11:51:59 IST" name="postRequestTest" finished-at="2023-12-26T11:52:02 IST" duration-ms="3130" status="PASS">
          <reporter-output>
          </reporter-output>
        </test-method> <!-- postRequestTest -->
      </class> <!-- com.qa.petstore.user.TestMethods.UserTests -->
    </test> <!-- Default test -->
  </suite> <!-- Default suite -->
</testng-results>
